Flow report for exp6
Tue Apr 24 09:55:45 2012
Quartus II Version 9.0 Build 132 02/25/2009 SJ Full Version


---------------------
; Table of Contents ;
---------------------
  1. Legal Notice
  2. Flow Summary
  3. Flow Settings
  4. Flow Non-Default Global Settings
  5. Flow Elapsed Time
  6. Flow OS Summary
  7. Flow Log



----------------
; Legal Notice ;
----------------
Copyright (C) 1991-2009 Altera Corporation
Your use of Altera Corporation's design tools, logic functions 
and other software and tools, and its AMPP partner logic 
functions, and any output files from any of the foregoing 
(including device programming or simulation files), and any 
associated documentation or information are expressly subject 
to the terms and conditions of the Altera Program License 
Subscription Agreement, Altera MegaCore Function License 
Agreement, or other applicable license agreement, including, 
without limitation, that your use is for the sole purpose of 
programming logic devices manufactured by Altera and sold by 
Altera or its authorized distributors.  Please refer to the 
applicable agreement for further details.



+--------------------------------------------------------------------+
; Flow Summary                                                       ;
+-------------------------+------------------------------------------+
; Flow Status             ; Successful - Tue Apr 24 09:55:45 2012    ;
; Quartus II Version      ; 9.0 Build 132 02/25/2009 SJ Full Version ;
; Revision Name           ; exp6                                     ;
; Top-level Entity Name   ; exp6                                     ;
; Family                  ; Cyclone                                  ;
; Device                  ; EP1C6Q240C8                              ;
; Timing Models           ; Final                                    ;
; Met timing requirements ; Yes                                      ;
; Total logic elements    ; 142 / 5,980 ( 2 % )                      ;
; Total pins              ; 21 / 185 ( 11 % )                        ;
; Total virtual pins      ; 0                                        ;
; Total memory bits       ; 0 / 92,160 ( 0 % )                       ;
; Total PLLs              ; 0 / 2 ( 0 % )                            ;
+-------------------------+------------------------------------------+


+-----------------------------------------+
; Flow Settings                           ;
+-------------------+---------------------+
; Option            ; Setting             ;
+-------------------+---------------------+
; Start date & time ; 04/24/2012 09:55:24 ;
; Main task         ; Compilation         ;
; Revision Name     ; exp6                ;
+-------------------+---------------------+


+--------------------------------------------------------------------------------------------------+
; Flow Non-Default Global Settings                                                                 ;
+------------------------+------------------------------+---------------+-------------+------------+
; Assignment Name        ; Value                        ; Default Value ; Entity Name ; Section Id ;
+------------------------+------------------------------+---------------+-------------+------------+
; COMPILER_SIGNATURE_ID  ; 98463868851.133523252403992  ; --            ; --          ; --         ;
; MISC_FILE              ; D:/数字钟(异步进位)/exp6.dpf ; --            ; --          ; --         ;
; PARTITION_COLOR        ; 16764057                     ; --            ; --          ; Top        ;
; PARTITION_NETLIST_TYPE ; SOURCE                       ; --            ; --          ; Top        ;
+------------------------+------------------------------+---------------+-------------+------------+


+-----------------------------------------------------------------------------------------------------------------------------+
; Flow Elapsed Time                                                                                                           ;
+-------------------------+--------------+-------------------------+---------------------+------------------------------------+
; Module Name             ; Elapsed Time ; Average Processors Used ; Peak Virtual Memory ; Total CPU Time (on all processors) ;
+-------------------------+--------------+-------------------------+---------------------+------------------------------------+
; Analysis & Synthesis    ; 00:00:05     ; 1.0                     ; 192 MB              ; 00:00:05                           ;
; Fitter                  ; 00:00:05     ; 1.0                     ; 185 MB              ; 00:00:05                           ;
; Assembler               ; 00:00:04     ; 1.0                     ; 159 MB              ; 00:00:05                           ;
; Classic Timing Analyzer ; 00:00:01     ; 1.0                     ; 122 MB              ; 00:00:01                           ;
; Total                   ; 00:00:15     ; --                      ; --                  ; 00:00:16                           ;
+-------------------------+--------------+-------------------------+---------------------+------------------------------------+


+---------------------------------------------------------------------------------------+
; Flow OS Summary                                                                       ;
+-------------------------+------------------+------------+------------+----------------+
; Module Name             ; Machine Hostname ; OS Name    ; OS Version ; Processor type ;
+-------------------------+------------------+------------+------------+----------------+
; Analysis & Synthesis    ; 7F6F2FDA07624BF  ; Windows XP ; 5.1        ; i1586          ;
; Fitter                  ; 7F6F2FDA07624BF  ; Windows XP ; 5.1        ; i1586          ;
; Assembler               ; 7F6F2FDA07624BF  ; Windows XP ; 5.1        ; i1586          ;
; Classic Timing Analyzer ; 7F6F2FDA07624BF  ; Windows XP ; 5.1        ; i1586          ;
+-------------------------+------------------+------------+------------+----------------+


------------
; Flow Log ;
------------
quartus_map --read_settings_files=on --write_settings_files=off exp6 -c exp6
quartus_fit --read_settings_files=off --write_settings_files=off exp6 -c exp6
quartus_asm --read_settings_files=off --write_settings_files=off exp6 -c exp6
quartus_tan --read_settings_files=off --write_settings_files=off exp6 -c exp6 --timing_analysis_only



